<?xml version="1.0" encoding="UTF-8"?>
<!-- Generated by org.testng.reporters.JUnitXMLReporter -->
<testsuite ignored="0" hostname="DESKTOP-FIG0BF1" failures="0" tests="3" name="Default test" time="159.387" errors="0" timestamp="2023-02-21T21:57:46 IST">
  <testcase classname="test.Flipkart" name="searchProduct" time="58.343"/>
  <testcase classname="test.Flipkart" name="addProductToCart" time="65.033"/>
  <testcase classname="test.Flipkart" name="placeOrderAndVerify" time="8.814"/>
</testsuite> <!-- Default test -->
